<?xml version="1.0" encoding="UTF-8"?>
<!-- Generated by org.testng.reporters.JUnitReportReporter -->
<testsuite hostname="DESKTOP-SU9C7KA" failures="0" tests="2" name="com.crm.qa.testcases.LoginPageTest" time="15.222" errors="0" timestamp="2023-07-23T13:33:36 IST" skipped="0">
  <testcase classname="com.crm.qa.testcases.LoginPageTest" name="loginPageTitleTest" time="8.179"/>
  <testcase classname="com.crm.qa.testcases.LoginPageTest" name="loginTest" time="7.043"/>
</testsuite> <!-- com.crm.qa.testcases.LoginPageTest -->
