<?xml version="1.0" encoding="UTF-8"?>
<!-- Generated by org.testng.reporters.JUnitReportReporter -->
<testsuite hostname="DESKTOP-SU9C7KA" failures="0" tests="3" name="com.crm.qa.testcases.HomePageTest" time="25.483" errors="0" timestamp="2023-07-23T13:33:36 IST" skipped="0">
  <testcase classname="com.crm.qa.testcases.HomePageTest" name="verifyHomePageTitleTest" time="6.938"/>
  <testcase classname="com.crm.qa.testcases.HomePageTest" name="verifyUserNameTest" time="9.066"/>
  <testcase classname="com.crm.qa.testcases.HomePageTest" name="verifyContactsLinkTest" time="9.479"/>
</testsuite> <!-- com.crm.qa.testcases.HomePageTest -->
