<?xml version="1.0" encoding="UTF-8"?>
<!-- Generated by org.testng.reporters.JUnitReportReporter -->
<testsuite hostname="DESKTOP-SU9C7KA" failures="0" tests="2" name="com.crm.qa.testcases.LoginPageTest" time="17.319" errors="0" timestamp="2023-07-23T15:44:27 IST" skipped="0">
  <testcase classname="com.crm.qa.testcases.LoginPageTest" name="loginPageTitleTest" time="9.790"/>
  <testcase classname="com.crm.qa.testcases.LoginPageTest" name="loginTest" time="7.529"/>
</testsuite> <!-- com.crm.qa.testcases.LoginPageTest -->
