<?xml version="1.0" encoding="UTF-8"?>
<!-- Generated by org.testng.reporters.JUnitReportReporter -->
<testsuite hostname="DESKTOP-SU9C7KA" failures="0" tests="3" name="com.crm.qa.testcases.HomePageTest" time="29.831" errors="0" timestamp="2023-07-23T15:44:27 IST" skipped="0">
  <testcase classname="com.crm.qa.testcases.HomePageTest" name="verifyHomePageTitleTest" time="8.018"/>
  <testcase classname="com.crm.qa.testcases.HomePageTest" name="verifyUserNameTest" time="10.116"/>
  <testcase classname="com.crm.qa.testcases.HomePageTest" name="verifyContactsLinkTest" time="11.697"/>
</testsuite> <!-- com.crm.qa.testcases.HomePageTest -->
